app/build/intermediates/manifest_merge_blame_file/debug/processDebugMainManifest/manifest-merger-blame-debug-report.txt
1<?xml version="1.0" encoding="utf-8"?>
2<manifest xmlns:android="http://schemas.android.com/apk/res/android"
3    package="uzb.smt.ems"
4    android:versionCode="1"
5    android:versionName="1.0" >
6
7    <uses-sdk
8        android:minSdkVersion="24"
9        android:targetSdkVersion="35" />
10
11    <permission
11-->[androidx.core:core:1.16.0] AndroidManifest.xml:22:5-24:47
12        android:name="uzb.smt.ems.DYNAMIC_RECEIVER_NOT_EXPORTED_PERMISSION"
12-->[androidx.core:core:1.16.0] AndroidManifest.xml:23:9-81
13        android:protectionLevel="signature" />
13-->[androidx.core:core:1.16.0] AndroidManifest.xml:24:9-44
14
15    <uses-permission android:name="uzb.smt.ems.DYNAMIC_RECEIVER_NOT_EXPORTED_PERMISSION" />
15-->[androidx.core:core:1.16.0] AndroidManifest.xml:26:5-97
15-->[androidx.core:core:1.16.0] AndroidManifest.xml:26:22-94
16    <uses-permission android:name="android.permission.REORDER_TASKS" />
16-->[androidx.test:core:1.5.0] AndroidManifest.xml:24:5-72
16-->[androidx.test:core:1.5.0] AndroidManifest.xml:24:22-69
17
18    <queries>
18-->[androidx.test:runner:1.5.0] AndroidManifest.xml:24:5-28:15
19        <package android:name="androidx.test.orchestrator" />
19-->[androidx.test:runner:1.5.0] AndroidManifest.xml:25:9-62
19-->[androidx.test:runner:1.5.0] AndroidManifest.xml:25:18-59
20        <package android:name="androidx.test.services" />
20-->[androidx.test:runner:1.5.0] AndroidManifest.xml:26:9-58
20-->[androidx.test:runner:1.5.0] AndroidManifest.xml:26:18-55
21        <package android:name="com.google.android.apps.common.testing.services" />
21-->[androidx.test:runner:1.5.0] AndroidManifest.xml:27:9-83
21-->[androidx.test:runner:1.5.0] AndroidManifest.xml:27:18-80
22    </queries>
23
24    <application
24-->src\main\AndroidManifest.xml:5:5-27:19
25        android:name="uzb.smt.ems.app.EmsApp"
25-->src\main\AndroidManifest.xml:6:9-35
26        android:allowBackup="true"
26-->src\main\AndroidManifest.xml:7:9-35
27        android:appComponentFactory="androidx.core.app.CoreComponentFactory"
27-->[androidx.core:core:1.16.0] AndroidManifest.xml:28:18-86
28        android:dataExtractionRules="@xml/data_extraction_rules"
28-->src\main\AndroidManifest.xml:8:9-65
29        android:debuggable="true"
30        android:extractNativeLibs="false"
31        android:fullBackupContent="@xml/backup_rules"
31-->src\main\AndroidManifest.xml:9:9-54
32        android:icon="@mipmap/ic_launcher"
32-->src\main\AndroidManifest.xml:10:9-43
33        android:label="@string/app_name"
33-->src\main\AndroidManifest.xml:11:9-41
34        android:roundIcon="@mipmap/ic_launcher_round"
34-->src\main\AndroidManifest.xml:12:9-54
35        android:supportsRtl="true"
35-->src\main\AndroidManifest.xml:13:9-35
36        android:testOnly="true"
37        android:theme="@style/Theme.EMS" >
37-->src\main\AndroidManifest.xml:14:9-41
38        <activity
38-->src\main\AndroidManifest.xml:16:9-26:20
39            android:name="uzb.smt.ems.MainActivity"
39-->src\main\AndroidManifest.xml:17:13-41
40            android:exported="true"
40-->src\main\AndroidManifest.xml:18:13-36
41            android:label="@string/app_name"
41-->src\main\AndroidManifest.xml:19:13-45
42            android:theme="@style/Theme.EMS" >
42-->src\main\AndroidManifest.xml:20:13-45
43            <intent-filter>
43-->src\main\AndroidManifest.xml:21:13-25:29
44                <action android:name="android.intent.action.MAIN" />
44-->src\main\AndroidManifest.xml:22:17-69
44-->src\main\AndroidManifest.xml:22:25-66
45
46                <category android:name="android.intent.category.LAUNCHER" />
46-->src\main\AndroidManifest.xml:24:17-77
46-->src\main\AndroidManifest.xml:24:27-74
47            </intent-filter>
48        </activity>
49
50        <provider
50-->[androidx.emoji2:emoji2:1.3.0] AndroidManifest.xml:24:9-32:20
51            android:name="androidx.startup.InitializationProvider"
51-->[androidx.emoji2:emoji2:1.3.0] AndroidManifest.xml:25:13-67
52            android:authorities="uzb.smt.ems.androidx-startup"
52-->[androidx.emoji2:emoji2:1.3.0] AndroidManifest.xml:26:13-68
53            android:exported="false" >
53-->[androidx.emoji2:emoji2:1.3.0] AndroidManifest.xml:27:13-37
54            <meta-data
54-->[androidx.emoji2:emoji2:1.3.0] AndroidManifest.xml:29:13-31:52
55                android:name="androidx.emoji2.text.EmojiCompatInitializer"
55-->[androidx.emoji2:emoji2:1.3.0] AndroidManifest.xml:30:17-75
56                android:value="androidx.startup" />
56-->[androidx.emoji2:emoji2:1.3.0] AndroidManifest.xml:31:17-49
57            <meta-data
57-->[androidx.lifecycle:lifecycle-process:2.9.0] AndroidManifest.xml:29:13-31:52
58                android:name="androidx.lifecycle.ProcessLifecycleInitializer"
58-->[androidx.lifecycle:lifecycle-process:2.9.0] AndroidManifest.xml:30:17-78
59                android:value="androidx.startup" />
59-->[androidx.lifecycle:lifecycle-process:2.9.0] AndroidManifest.xml:31:17-49
60            <meta-data
60-->[androidx.profileinstaller:profileinstaller:1.4.0] AndroidManifest.xml:29:13-31:52
61                android:name="androidx.profileinstaller.ProfileInstallerInitializer"
61-->[androidx.profileinstaller:profileinstaller:1.4.0] AndroidManifest.xml:30:17-85
62                android:value="androidx.startup" />
62-->[androidx.profileinstaller:profileinstaller:1.4.0] AndroidManifest.xml:31:17-49
63        </provider>
64
65        <activity
65-->[androidx.test:core:1.5.0] AndroidManifest.xml:27:9-34:20
66            android:name="androidx.test.core.app.InstrumentationActivityInvoker$BootstrapActivity"
66-->[androidx.test:core:1.5.0] AndroidManifest.xml:28:13-99
67            android:exported="true"
67-->[androidx.test:core:1.5.0] AndroidManifest.xml:29:13-36
68            android:theme="@style/WhiteBackgroundTheme" >
68-->[androidx.test:core:1.5.0] AndroidManifest.xml:30:13-56
69            <intent-filter android:priority="-100" >
69-->[androidx.test:core:1.5.0] AndroidManifest.xml:31:13-33:29
69-->[androidx.test:core:1.5.0] AndroidManifest.xml:31:28-51
70                <category android:name="android.intent.category.LAUNCHER" />
70-->src\main\AndroidManifest.xml:24:17-77
70-->src\main\AndroidManifest.xml:24:27-74
71            </intent-filter>
72        </activity>
73        <activity
73-->[androidx.test:core:1.5.0] AndroidManifest.xml:35:9-42:20
74            android:name="androidx.test.core.app.InstrumentationActivityInvoker$EmptyActivity"
74-->[androidx.test:core:1.5.0] AndroidManifest.xml:36:13-95
75            android:exported="true"
75-->[androidx.test:core:1.5.0] AndroidManifest.xml:37:13-36
76            android:theme="@style/WhiteBackgroundTheme" >
76-->[androidx.test:core:1.5.0] AndroidManifest.xml:38:13-56
77            <intent-filter android:priority="-100" >
77-->[androidx.test:core:1.5.0] AndroidManifest.xml:31:13-33:29
77-->[androidx.test:core:1.5.0] AndroidManifest.xml:31:28-51
78                <category android:name="android.intent.category.LAUNCHER" />
78-->src\main\AndroidManifest.xml:24:17-77
78-->src\main\AndroidManifest.xml:24:27-74
79            </intent-filter>
80        </activity>
81        <activity
81-->[androidx.test:core:1.5.0] AndroidManifest.xml:43:9-50:20
82            android:name="androidx.test.core.app.InstrumentationActivityInvoker$EmptyFloatingActivity"
82-->[androidx.test:core:1.5.0] AndroidManifest.xml:44:13-103
83            android:exported="true"
83-->[androidx.test:core:1.5.0] AndroidManifest.xml:45:13-36
84            android:theme="@style/WhiteBackgroundDialogTheme" >
84-->[androidx.test:core:1.5.0] AndroidManifest.xml:46:13-62
85            <intent-filter android:priority="-100" >
85-->[androidx.test:core:1.5.0] AndroidManifest.xml:31:13-33:29
85-->[androidx.test:core:1.5.0] AndroidManifest.xml:31:28-51
86                <category android:name="android.intent.category.LAUNCHER" />
86-->src\main\AndroidManifest.xml:24:17-77
86-->src\main\AndroidManifest.xml:24:27-74
87            </intent-filter>
88        </activity>
89
90        <receiver
90-->[androidx.profileinstaller:profileinstaller:1.4.0] AndroidManifest.xml:34:9-52:20
91            android:name="androidx.profileinstaller.ProfileInstallReceiver"
91-->[androidx.profileinstaller:profileinstaller:1.4.0] AndroidManifest.xml:35:13-76
92            android:directBootAware="false"
92-->[androidx.profileinstaller:profileinstaller:1.4.0] AndroidManifest.xml:36:13-44
93            android:enabled="true"
93-->[androidx.profileinstaller:profileinstaller:1.4.0] AndroidManifest.xml:37:13-35
94            android:exported="true"
94-->[androidx.profileinstaller:profileinstaller:1.4.0] AndroidManifest.xml:38:13-36
95            android:permission="android.permission.DUMP" >
95-->[androidx.profileinstaller:profileinstaller:1.4.0] AndroidManifest.xml:39:13-57
96            <intent-filter>
96-->[androidx.profileinstaller:profileinstaller:1.4.0] AndroidManifest.xml:40:13-42:29
97                <action android:name="androidx.profileinstaller.action.INSTALL_PROFILE" />
97-->[androidx.profileinstaller:profileinstaller:1.4.0] AndroidManifest.xml:41:17-91
97-->[androidx.profileinstaller:profileinstaller:1.4.0] AndroidManifest.xml:41:25-88
98            </intent-filter>
99            <intent-filter>
99-->[androidx.profileinstaller:profileinstaller:1.4.0] AndroidManifest.xml:43:13-45:29
100                <action android:name="androidx.profileinstaller.action.SKIP_FILE" />
100-->[androidx.profileinstaller:profileinstaller:1.4.0] AndroidManifest.xml:44:17-85
100-->[androidx.profileinstaller:profileinstaller:1.4.0] AndroidManifest.xml:44:25-82
101            </intent-filter>
102            <intent-filter>
102-->[androidx.profileinstaller:profileinstaller:1.4.0] AndroidManifest.xml:46:13-48:29
103                <action android:name="androidx.profileinstaller.action.SAVE_PROFILE" />
103-->[androidx.profileinstaller:profileinstaller:1.4.0] AndroidManifest.xml:47:17-88
103-->[androidx.profileinstaller:profileinstaller:1.4.0] AndroidManifest.xml:47:25-85
104            </intent-filter>
105            <intent-filter>
105-->[androidx.profileinstaller:profileinstaller:1.4.0] AndroidManifest.xml:49:13-51:29
106                <action android:name="androidx.profileinstaller.action.BENCHMARK_OPERATION" />
106-->[androidx.profileinstaller:profileinstaller:1.4.0] AndroidManifest.xml:50:17-95
106-->[androidx.profileinstaller:profileinstaller:1.4.0] AndroidManifest.xml:50:25-92
107            </intent-filter>
108        </receiver>
109    </application>
110
111</manifest>